{"C:\\Users\\Tomas\\WebstormProjects\\Vodenje-sportnih-aktivnostiSamostojna\\backend\\database.js": {"path":"C:\\Users\\Tomas\\WebstormProjects\\Vodenje-sportnih-aktivnostiSamostojna\\backend\\database.js","statementMap":{"0":{"start":{"line":2,"column":16},"end":{"line":2,"column":44}},"1":{"start":{"line":3,"column":11},"end":{"line":86,"column":2}},"2":{"start":{"line":4,"column":4},"end":{"line":85,"column":5}},"3":{"start":{"line":5,"column":8},"end":{"line":5,"column":62}},"4":{"start":{"line":8,"column":8},"end":{"line":21,"column":11}},"5":{"start":{"line":18,"column":12},"end":{"line":20,"column":13}},"6":{"start":{"line":19,"column":16},"end":{"line":19,"column":75}},"7":{"start":{"line":24,"column":8},"end":{"line":36,"column":11}},"8":{"start":{"line":33,"column":12},"end":{"line":35,"column":13}},"9":{"start":{"line":34,"column":16},"end":{"line":34,"column":74}},"10":{"start":{"line":39,"column":8},"end":{"line":51,"column":11}},"11":{"start":{"line":48,"column":12},"end":{"line":50,"column":13}},"12":{"start":{"line":49,"column":16},"end":{"line":49,"column":82}},"13":{"start":{"line":54,"column":8},"end":{"line":66,"column":11}},"14":{"start":{"line":62,"column":12},"end":{"line":65,"column":13}},"15":{"start":{"line":63,"column":16},"end":{"line":63,"column":82}},"16":{"start":{"line":69,"column":8},"end":{"line":82,"column":11}},"17":{"start":{"line":79,"column":12},"end":{"line":81,"column":13}},"18":{"start":{"line":80,"column":16},"end":{"line":80,"column":80}},"19":{"start":{"line":88,"column":0},"end":{"line":88,"column":20}}},"fnMap":{"0":{"name":"(anonymous_0)","decl":{"start":{"line":3,"column":53},"end":{"line":3,"column":54}},"loc":{"start":{"line":3,"column":62},"end":{"line":86,"column":1}},"line":3},"1":{"name":"(anonymous_1)","decl":{"start":{"line":17,"column":11},"end":{"line":17,"column":12}},"loc":{"start":{"line":17,"column":20},"end":{"line":21,"column":9}},"line":17},"2":{"name":"(anonymous_2)","decl":{"start":{"line":32,"column":11},"end":{"line":32,"column":12}},"loc":{"start":{"line":32,"column":20},"end":{"line":36,"column":9}},"line":32},"3":{"name":"(anonymous_3)","decl":{"start":{"line":47,"column":11},"end":{"line":47,"column":12}},"loc":{"start":{"line":47,"column":20},"end":{"line":51,"column":9}},"line":47},"4":{"name":"(anonymous_4)","decl":{"start":{"line":61,"column":11},"end":{"line":61,"column":12}},"loc":{"start":{"line":61,"column":20},"end":{"line":66,"column":9}},"line":61},"5":{"name":"(anonymous_5)","decl":{"start":{"line":78,"column":11},"end":{"line":78,"column":12}},"loc":{"start":{"line":78,"column":20},"end":{"line":82,"column":9}},"line":78}},"branchMap":{"0":{"loc":{"start":{"line":4,"column":4},"end":{"line":85,"column":5}},"type":"if","locations":[{"start":{"line":4,"column":4},"end":{"line":85,"column":5}},{"start":{"line":6,"column":11},"end":{"line":85,"column":5}}],"line":4},"1":{"loc":{"start":{"line":18,"column":12},"end":{"line":20,"column":13}},"type":"if","locations":[{"start":{"line":18,"column":12},"end":{"line":20,"column":13}},{"start":{},"end":{}}],"line":18},"2":{"loc":{"start":{"line":33,"column":12},"end":{"line":35,"column":13}},"type":"if","locations":[{"start":{"line":33,"column":12},"end":{"line":35,"column":13}},{"start":{},"end":{}}],"line":33},"3":{"loc":{"start":{"line":48,"column":12},"end":{"line":50,"column":13}},"type":"if","locations":[{"start":{"line":48,"column":12},"end":{"line":50,"column":13}},{"start":{},"end":{}}],"line":48},"4":{"loc":{"start":{"line":62,"column":12},"end":{"line":65,"column":13}},"type":"if","locations":[{"start":{"line":62,"column":12},"end":{"line":65,"column":13}},{"start":{"line":64,"column":19},"end":{"line":65,"column":13}}],"line":62},"5":{"loc":{"start":{"line":79,"column":12},"end":{"line":81,"column":13}},"type":"if","locations":[{"start":{"line":79,"column":12},"end":{"line":81,"column":13}},{"start":{},"end":{}}],"line":79}},"s":{"0":1,"1":1,"2":0,"3":0,"4":0,"5":0,"6":0,"7":0,"8":0,"9":0,"10":0,"11":0,"12":0,"13":0,"14":0,"15":0,"16":0,"17":0,"18":0,"19":1},"f":{"0":0,"1":0,"2":0,"3":0,"4":0,"5":0},"b":{"0":[0,0],"1":[0,0],"2":[0,0],"3":[0,0],"4":[0,0],"5":[0,0]},"_coverageSchema":"1a1c01bbd47fc00a2c39e90264f33305004495a9","hash":"30c4d17d94b1a16894eaaf9bdf3ab024473205bb"}
,"C:\\Users\\Tomas\\WebstormProjects\\Vodenje-sportnih-aktivnostiSamostojna\\backend\\controllers\\attachmentController.js": {"path":"C:\\Users\\Tomas\\WebstormProjects\\Vodenje-sportnih-aktivnostiSamostojna\\backend\\controllers\\attachmentController.js","statementMap":{"0":{"start":{"line":1,"column":11},"end":{"line":1,"column":33}},"1":{"start":{"line":2,"column":15},"end":{"line":2,"column":32}},"2":{"start":{"line":5,"column":15},"end":{"line":5,"column":58}},"3":{"start":{"line":8,"column":22},"end":{"line":42,"column":1}},"4":{"start":{"line":9,"column":37},"end":{"line":9,"column":45}},"5":{"start":{"line":12,"column":4},"end":{"line":14,"column":5}},"6":{"start":{"line":13,"column":8},"end":{"line":13,"column":83}},"7":{"start":{"line":16,"column":4},"end":{"line":16,"column":57}},"8":{"start":{"line":17,"column":4},"end":{"line":17,"column":38}},"9":{"start":{"line":20,"column":16},"end":{"line":23,"column":5}},"10":{"start":{"line":24,"column":19},"end":{"line":29,"column":5}},"11":{"start":{"line":31,"column":4},"end":{"line":41,"column":7}},"12":{"start":{"line":32,"column":8},"end":{"line":35,"column":9}},"13":{"start":{"line":33,"column":12},"end":{"line":33,"column":75}},"14":{"start":{"line":34,"column":12},"end":{"line":34,"column":87}},"15":{"start":{"line":37,"column":8},"end":{"line":40,"column":11}},"16":{"start":{"line":44,"column":30},"end":{"line":62,"column":1}},"17":{"start":{"line":45,"column":24},"end":{"line":45,"column":34}},"18":{"start":{"line":47,"column":4},"end":{"line":49,"column":5}},"19":{"start":{"line":48,"column":8},"end":{"line":48,"column":73}},"20":{"start":{"line":52,"column":16},"end":{"line":52,"column":97}},"21":{"start":{"line":54,"column":4},"end":{"line":61,"column":7}},"22":{"start":{"line":55,"column":8},"end":{"line":58,"column":9}},"23":{"start":{"line":56,"column":12},"end":{"line":56,"column":62}},"24":{"start":{"line":57,"column":12},"end":{"line":57,"column":87}},"25":{"start":{"line":60,"column":8},"end":{"line":60,"column":35}},"26":{"start":{"line":64,"column":0},"end":{"line":68,"column":2}}},"fnMap":{"0":{"name":"(anonymous_0)","decl":{"start":{"line":8,"column":22},"end":{"line":8,"column":23}},"loc":{"start":{"line":8,"column":36},"end":{"line":42,"column":1}},"line":8},"1":{"name":"(anonymous_1)","decl":{"start":{"line":31,"column":24},"end":{"line":31,"column":25}},"loc":{"start":{"line":31,"column":39},"end":{"line":41,"column":5}},"line":31},"2":{"name":"(anonymous_2)","decl":{"start":{"line":44,"column":30},"end":{"line":44,"column":31}},"loc":{"start":{"line":44,"column":44},"end":{"line":62,"column":1}},"line":44},"3":{"name":"(anonymous_3)","decl":{"start":{"line":54,"column":27},"end":{"line":54,"column":28}},"loc":{"start":{"line":54,"column":42},"end":{"line":61,"column":5}},"line":54}},"branchMap":{"0":{"loc":{"start":{"line":12,"column":4},"end":{"line":14,"column":5}},"type":"if","locations":[{"start":{"line":12,"column":4},"end":{"line":14,"column":5}},{"start":{},"end":{}}],"line":12},"1":{"loc":{"start":{"line":12,"column":8},"end":{"line":12,"column":29}},"type":"binary-expr","locations":[{"start":{"line":12,"column":8},"end":{"line":12,"column":17}},{"start":{"line":12,"column":21},"end":{"line":12,"column":29}}],"line":12},"2":{"loc":{"start":{"line":28,"column":8},"end":{"line":28,"column":25}},"type":"binary-expr","locations":[{"start":{"line":28,"column":8},"end":{"line":28,"column":19}},{"start":{"line":28,"column":23},"end":{"line":28,"column":25}}],"line":28},"3":{"loc":{"start":{"line":32,"column":8},"end":{"line":35,"column":9}},"type":"if","locations":[{"start":{"line":32,"column":8},"end":{"line":35,"column":9}},{"start":{},"end":{}}],"line":32},"4":{"loc":{"start":{"line":47,"column":4},"end":{"line":49,"column":5}},"type":"if","locations":[{"start":{"line":47,"column":4},"end":{"line":49,"column":5}},{"start":{},"end":{}}],"line":47},"5":{"loc":{"start":{"line":55,"column":8},"end":{"line":58,"column":9}},"type":"if","locations":[{"start":{"line":55,"column":8},"end":{"line":58,"column":9}},{"start":{},"end":{}}],"line":55}},"s":{"0":1,"1":1,"2":1,"3":1,"4":3,"5":3,"6":2,"7":1,"8":1,"9":1,"10":1,"11":1,"12":1,"13":0,"14":0,"15":1,"16":1,"17":2,"18":2,"19":1,"20":1,"21":1,"22":1,"23":0,"24":0,"25":1,"26":1},"f":{"0":3,"1":1,"2":2,"3":1},"b":{"0":[2,1],"1":[3,1],"2":[1,0],"3":[0,1],"4":[1,1],"5":[0,1]},"_coverageSchema":"1a1c01bbd47fc00a2c39e90264f33305004495a9","hash":"c2742ffa3dabd8d92b136047f79c977f7c83ee68"}
,"C:\\Users\\Tomas\\WebstormProjects\\Vodenje-sportnih-aktivnostiSamostojna\\backend\\controllers\\eventController.js": {"path":"C:\\Users\\Tomas\\WebstormProjects\\Vodenje-sportnih-aktivnostiSamostojna\\backend\\controllers\\eventController.js","statementMap":{"0":{"start":{"line":1,"column":11},"end":{"line":1,"column":33}},"1":{"start":{"line":3,"column":0},"end":{"line":16,"column":2}},"2":{"start":{"line":4,"column":61},"end":{"line":4,"column":69}},"3":{"start":{"line":5,"column":4},"end":{"line":15,"column":6}},"4":{"start":{"line":9,"column":12},"end":{"line":13,"column":13}},"5":{"start":{"line":10,"column":16},"end":{"line":10,"column":61}},"6":{"start":{"line":12,"column":16},"end":{"line":12,"column":58}},"7":{"start":{"line":18,"column":0},"end":{"line":26,"column":2}},"8":{"start":{"line":19,"column":4},"end":{"line":25,"column":7}},"9":{"start":{"line":20,"column":8},"end":{"line":24,"column":9}},"10":{"start":{"line":21,"column":12},"end":{"line":21,"column":57}},"11":{"start":{"line":23,"column":12},"end":{"line":23,"column":27}},"12":{"start":{"line":28,"column":0},"end":{"line":41,"column":2}},"13":{"start":{"line":29,"column":19},"end":{"line":29,"column":29}},"14":{"start":{"line":30,"column":4},"end":{"line":40,"column":6}},"15":{"start":{"line":34,"column":12},"end":{"line":38,"column":13}},"16":{"start":{"line":35,"column":16},"end":{"line":35,"column":61}},"17":{"start":{"line":37,"column":16},"end":{"line":37,"column":78}},"18":{"start":{"line":45,"column":0},"end":{"line":91,"column":2}},"19":{"start":{"line":46,"column":19},"end":{"line":46,"column":29}},"20":{"start":{"line":47,"column":61},"end":{"line":47,"column":69}},"21":{"start":{"line":50,"column":4},"end":{"line":52,"column":5}},"22":{"start":{"line":51,"column":8},"end":{"line":51,"column":74}},"23":{"start":{"line":55,"column":4},"end":{"line":90,"column":6}},"24":{"start":{"line":59,"column":12},"end":{"line":61,"column":13}},"25":{"start":{"line":60,"column":16},"end":{"line":60,"column":68}},"26":{"start":{"line":62,"column":12},"end":{"line":64,"column":13}},"27":{"start":{"line":63,"column":16},"end":{"line":63,"column":76}},"28":{"start":{"line":66,"column":12},"end":{"line":88,"column":14}},"29":{"start":{"line":70,"column":20},"end":{"line":72,"column":21}},"30":{"start":{"line":71,"column":24},"end":{"line":71,"column":102}},"31":{"start":{"line":74,"column":36},"end":{"line":74,"column":75}},"32":{"start":{"line":76,"column":20},"end":{"line":84,"column":23}},"33":{"start":{"line":77,"column":24},"end":{"line":83,"column":26}},"34":{"start":{"line":81,"column":32},"end":{"line":81,"column":103}},"35":{"start":{"line":81,"column":41},"end":{"line":81,"column":103}},"36":{"start":{"line":86,"column":20},"end":{"line":86,"column":103}},"37":{"start":{"line":96,"column":0},"end":{"line":108,"column":2}},"38":{"start":{"line":97,"column":23},"end":{"line":97,"column":33}},"39":{"start":{"line":100,"column":4},"end":{"line":107,"column":7}},"40":{"start":{"line":101,"column":8},"end":{"line":103,"column":9}},"41":{"start":{"line":102,"column":12},"end":{"line":102,"column":87}},"42":{"start":{"line":105,"column":25},"end":{"line":105,"column":55}},"43":{"start":{"line":105,"column":43},"end":{"line":105,"column":54}},"44":{"start":{"line":106,"column":8},"end":{"line":106,"column":27}},"45":{"start":{"line":112,"column":0},"end":{"line":129,"column":2}},"46":{"start":{"line":113,"column":32},"end":{"line":113,"column":40}},"47":{"start":{"line":115,"column":4},"end":{"line":115,"column":46}},"48":{"start":{"line":116,"column":4},"end":{"line":116,"column":44}},"49":{"start":{"line":118,"column":4},"end":{"line":128,"column":6}},"50":{"start":{"line":122,"column":12},"end":{"line":125,"column":13}},"51":{"start":{"line":123,"column":16},"end":{"line":123,"column":62}},"52":{"start":{"line":124,"column":16},"end":{"line":124,"column":100}},"53":{"start":{"line":126,"column":12},"end":{"line":126,"column":82}},"54":{"start":{"line":131,"column":0},"end":{"line":150,"column":2}},"55":{"start":{"line":132,"column":24},"end":{"line":132,"column":34}},"56":{"start":{"line":133,"column":23},"end":{"line":133,"column":31}},"57":{"start":{"line":135,"column":4},"end":{"line":137,"column":5}},"58":{"start":{"line":136,"column":8},"end":{"line":136,"column":76}},"59":{"start":{"line":139,"column":4},"end":{"line":149,"column":6}},"60":{"start":{"line":143,"column":12},"end":{"line":145,"column":13}},"61":{"start":{"line":144,"column":16},"end":{"line":144,"column":68}},"62":{"start":{"line":147,"column":12},"end":{"line":147,"column":52}}},"fnMap":{"0":{"name":"(anonymous_0)","decl":{"start":{"line":3,"column":19},"end":{"line":3,"column":20}},"loc":{"start":{"line":3,"column":33},"end":{"line":16,"column":1}},"line":3},"1":{"name":"(anonymous_1)","decl":{"start":{"line":8,"column":8},"end":{"line":8,"column":9}},"loc":{"start":{"line":8,"column":23},"end":{"line":14,"column":9}},"line":8},"2":{"name":"(anonymous_2)","decl":{"start":{"line":18,"column":23},"end":{"line":18,"column":24}},"loc":{"start":{"line":18,"column":37},"end":{"line":26,"column":1}},"line":18},"3":{"name":"(anonymous_3)","decl":{"start":{"line":19,"column":39},"end":{"line":19,"column":40}},"loc":{"start":{"line":19,"column":54},"end":{"line":25,"column":5}},"line":19},"4":{"name":"(anonymous_4)","decl":{"start":{"line":28,"column":22},"end":{"line":28,"column":23}},"loc":{"start":{"line":28,"column":36},"end":{"line":41,"column":1}},"line":28},"5":{"name":"(anonymous_5)","decl":{"start":{"line":33,"column":8},"end":{"line":33,"column":9}},"loc":{"start":{"line":33,"column":23},"end":{"line":39,"column":9}},"line":33},"6":{"name":"(anonymous_6)","decl":{"start":{"line":45,"column":22},"end":{"line":45,"column":23}},"loc":{"start":{"line":45,"column":36},"end":{"line":91,"column":1}},"line":45},"7":{"name":"(anonymous_7)","decl":{"start":{"line":58,"column":8},"end":{"line":58,"column":9}},"loc":{"start":{"line":58,"column":23},"end":{"line":89,"column":9}},"line":58},"8":{"name":"(anonymous_8)","decl":{"start":{"line":69,"column":16},"end":{"line":69,"column":17}},"loc":{"start":{"line":69,"column":31},"end":{"line":87,"column":17}},"line":69},"9":{"name":"(anonymous_9)","decl":{"start":{"line":76,"column":33},"end":{"line":76,"column":34}},"loc":{"start":{"line":76,"column":40},"end":{"line":84,"column":21}},"line":76},"10":{"name":"(anonymous_10)","decl":{"start":{"line":80,"column":28},"end":{"line":80,"column":29}},"loc":{"start":{"line":80,"column":37},"end":{"line":82,"column":29}},"line":80},"11":{"name":"(anonymous_11)","decl":{"start":{"line":96,"column":31},"end":{"line":96,"column":32}},"loc":{"start":{"line":96,"column":45},"end":{"line":108,"column":1}},"line":96},"12":{"name":"(anonymous_12)","decl":{"start":{"line":100,"column":76},"end":{"line":100,"column":77}},"loc":{"start":{"line":100,"column":91},"end":{"line":107,"column":5}},"line":100},"13":{"name":"(anonymous_13)","decl":{"start":{"line":105,"column":34},"end":{"line":105,"column":35}},"loc":{"start":{"line":105,"column":43},"end":{"line":105,"column":54}},"line":105},"14":{"name":"(anonymous_14)","decl":{"start":{"line":112,"column":27},"end":{"line":112,"column":28}},"loc":{"start":{"line":112,"column":41},"end":{"line":129,"column":1}},"line":112},"15":{"name":"(anonymous_15)","decl":{"start":{"line":121,"column":8},"end":{"line":121,"column":9}},"loc":{"start":{"line":121,"column":23},"end":{"line":127,"column":9}},"line":121},"16":{"name":"(anonymous_16)","decl":{"start":{"line":131,"column":30},"end":{"line":131,"column":31}},"loc":{"start":{"line":131,"column":44},"end":{"line":150,"column":1}},"line":131},"17":{"name":"(anonymous_17)","decl":{"start":{"line":142,"column":8},"end":{"line":142,"column":9}},"loc":{"start":{"line":142,"column":23},"end":{"line":148,"column":9}},"line":142}},"branchMap":{"0":{"loc":{"start":{"line":9,"column":12},"end":{"line":13,"column":13}},"type":"if","locations":[{"start":{"line":9,"column":12},"end":{"line":13,"column":13}},{"start":{"line":11,"column":19},"end":{"line":13,"column":13}}],"line":9},"1":{"loc":{"start":{"line":20,"column":8},"end":{"line":24,"column":9}},"type":"if","locations":[{"start":{"line":20,"column":8},"end":{"line":24,"column":9}},{"start":{"line":22,"column":15},"end":{"line":24,"column":9}}],"line":20},"2":{"loc":{"start":{"line":34,"column":12},"end":{"line":38,"column":13}},"type":"if","locations":[{"start":{"line":34,"column":12},"end":{"line":38,"column":13}},{"start":{"line":36,"column":19},"end":{"line":38,"column":13}}],"line":34},"3":{"loc":{"start":{"line":50,"column":4},"end":{"line":52,"column":5}},"type":"if","locations":[{"start":{"line":50,"column":4},"end":{"line":52,"column":5}},{"start":{},"end":{}}],"line":50},"4":{"loc":{"start":{"line":50,"column":8},"end":{"line":50,"column":65}},"type":"binary-expr","locations":[{"start":{"line":50,"column":8},"end":{"line":50,"column":13}},{"start":{"line":50,"column":17},"end":{"line":50,"column":29}},{"start":{"line":50,"column":33},"end":{"line":50,"column":38}},{"start":{"line":50,"column":42},"end":{"line":50,"column":51}},{"start":{"line":50,"column":55},"end":{"line":50,"column":65}}],"line":50},"5":{"loc":{"start":{"line":59,"column":12},"end":{"line":61,"column":13}},"type":"if","locations":[{"start":{"line":59,"column":12},"end":{"line":61,"column":13}},{"start":{},"end":{}}],"line":59},"6":{"loc":{"start":{"line":62,"column":12},"end":{"line":64,"column":13}},"type":"if","locations":[{"start":{"line":62,"column":12},"end":{"line":64,"column":13}},{"start":{},"end":{}}],"line":62},"7":{"loc":{"start":{"line":70,"column":20},"end":{"line":72,"column":21}},"type":"if","locations":[{"start":{"line":70,"column":20},"end":{"line":72,"column":21}},{"start":{},"end":{}}],"line":70},"8":{"loc":{"start":{"line":81,"column":32},"end":{"line":81,"column":103}},"type":"if","locations":[{"start":{"line":81,"column":32},"end":{"line":81,"column":103}},{"start":{},"end":{}}],"line":81},"9":{"loc":{"start":{"line":101,"column":8},"end":{"line":103,"column":9}},"type":"if","locations":[{"start":{"line":101,"column":8},"end":{"line":103,"column":9}},{"start":{},"end":{}}],"line":101},"10":{"loc":{"start":{"line":122,"column":12},"end":{"line":125,"column":13}},"type":"if","locations":[{"start":{"line":122,"column":12},"end":{"line":125,"column":13}},{"start":{},"end":{}}],"line":122},"11":{"loc":{"start":{"line":135,"column":4},"end":{"line":137,"column":5}},"type":"if","locations":[{"start":{"line":135,"column":4},"end":{"line":137,"column":5}},{"start":{},"end":{}}],"line":135},"12":{"loc":{"start":{"line":135,"column":8},"end":{"line":135,"column":27}},"type":"binary-expr","locations":[{"start":{"line":135,"column":8},"end":{"line":135,"column":16}},{"start":{"line":135,"column":20},"end":{"line":135,"column":27}}],"line":135},"13":{"loc":{"start":{"line":143,"column":12},"end":{"line":145,"column":13}},"type":"if","locations":[{"start":{"line":143,"column":12},"end":{"line":145,"column":13}},{"start":{},"end":{}}],"line":143}},"s":{"0":1,"1":1,"2":3,"3":3,"4":3,"5":2,"6":1,"7":1,"8":2,"9":2,"10":1,"11":1,"12":1,"13":2,"14":2,"15":2,"16":1,"17":1,"18":1,"19":1,"20":1,"21":1,"22":0,"23":1,"24":1,"25":0,"26":1,"27":1,"28":0,"29":0,"30":0,"31":0,"32":0,"33":0,"34":0,"35":0,"36":0,"37":1,"38":1,"39":1,"40":1,"41":0,"42":1,"43":2,"44":1,"45":1,"46":1,"47":1,"48":1,"49":1,"50":1,"51":0,"52":0,"53":1,"54":1,"55":2,"56":2,"57":2,"58":1,"59":1,"60":1,"61":0,"62":1},"f":{"0":3,"1":3,"2":2,"3":2,"4":2,"5":2,"6":1,"7":1,"8":0,"9":0,"10":0,"11":1,"12":1,"13":2,"14":1,"15":1,"16":2,"17":1},"b":{"0":[2,1],"1":[1,1],"2":[1,1],"3":[0,1],"4":[1,1,1,1,1],"5":[0,1],"6":[1,0],"7":[0,0],"8":[0,0],"9":[0,1],"10":[0,1],"11":[1,1],"12":[2,1],"13":[0,1]},"_coverageSchema":"1a1c01bbd47fc00a2c39e90264f33305004495a9","hash":"2b83da744e1ffdae7f4c6c01a0288bf3254aade8"}
}
