TN:
SF:database.js
FN:3,(anonymous_0)
FN:17,(anonymous_1)
FN:32,(anonymous_2)
FN:47,(anonymous_3)
FN:61,(anonymous_4)
FN:78,(anonymous_5)
FNF:6
FNH:0
FNDA:0,(anonymous_0)
FNDA:0,(anonymous_1)
FNDA:0,(anonymous_2)
FNDA:0,(anonymous_3)
FNDA:0,(anonymous_4)
FNDA:0,(anonymous_5)
DA:2,1
DA:3,1
DA:4,0
DA:5,0
DA:8,0
DA:18,0
DA:19,0
DA:24,0
DA:33,0
DA:34,0
DA:39,0
DA:48,0
DA:49,0
DA:54,0
DA:62,0
DA:63,0
DA:69,0
DA:79,0
DA:80,0
DA:88,1
LF:20
LH:3
BRDA:4,0,0,0
BRDA:4,0,1,0
BRDA:18,1,0,0
BRDA:18,1,1,0
BRDA:33,2,0,0
BRDA:33,2,1,0
BRDA:48,3,0,0
BRDA:48,3,1,0
BRDA:62,4,0,0
BRDA:62,4,1,0
BRDA:79,5,0,0
BRDA:79,5,1,0
BRF:12
BRH:0
end_of_record
TN:
SF:controllers\attachmentController.js
FN:8,(anonymous_0)
FN:31,(anonymous_1)
FN:44,(anonymous_2)
FN:54,(anonymous_3)
FNF:4
FNH:4
FNDA:3,(anonymous_0)
FNDA:1,(anonymous_1)
FNDA:2,(anonymous_2)
FNDA:1,(anonymous_3)
DA:1,1
DA:2,1
DA:5,1
DA:8,1
DA:9,3
DA:12,3
DA:13,2
DA:16,1
DA:17,1
DA:20,1
DA:24,1
DA:31,1
DA:32,1
DA:33,0
DA:34,0
DA:37,1
DA:44,1
DA:45,2
DA:47,2
DA:48,1
DA:52,1
DA:54,1
DA:55,1
DA:56,0
DA:57,0
DA:60,1
DA:64,1
LF:27
LH:23
BRDA:12,0,0,2
BRDA:12,0,1,1
BRDA:12,1,0,3
BRDA:12,1,1,1
BRDA:28,2,0,1
BRDA:28,2,1,0
BRDA:32,3,0,0
BRDA:32,3,1,1
BRDA:47,4,0,1
BRDA:47,4,1,1
BRDA:55,5,0,0
BRDA:55,5,1,1
BRF:12
BRH:9
end_of_record
TN:
SF:controllers\eventController.js
FN:3,(anonymous_0)
FN:8,(anonymous_1)
FN:18,(anonymous_2)
FN:19,(anonymous_3)
FN:28,(anonymous_4)
FN:33,(anonymous_5)
FN:45,(anonymous_6)
FN:58,(anonymous_7)
FN:69,(anonymous_8)
FN:76,(anonymous_9)
FN:80,(anonymous_10)
FN:96,(anonymous_11)
FN:100,(anonymous_12)
FN:105,(anonymous_13)
FN:112,(anonymous_14)
FN:121,(anonymous_15)
FN:131,(anonymous_16)
FN:142,(anonymous_17)
FNF:18
FNH:15
FNDA:3,(anonymous_0)
FNDA:3,(anonymous_1)
FNDA:2,(anonymous_2)
FNDA:2,(anonymous_3)
FNDA:2,(anonymous_4)
FNDA:2,(anonymous_5)
FNDA:1,(anonymous_6)
FNDA:1,(anonymous_7)
FNDA:0,(anonymous_8)
FNDA:0,(anonymous_9)
FNDA:0,(anonymous_10)
FNDA:1,(anonymous_11)
FNDA:1,(anonymous_12)
FNDA:2,(anonymous_13)
FNDA:1,(anonymous_14)
FNDA:1,(anonymous_15)
FNDA:2,(anonymous_16)
FNDA:1,(anonymous_17)
DA:1,1
DA:3,1
DA:4,3
DA:5,3
DA:9,3
DA:10,2
DA:12,1
DA:18,1
DA:19,2
DA:20,2
DA:21,1
DA:23,1
DA:28,1
DA:29,2
DA:30,2
DA:34,2
DA:35,1
DA:37,1
DA:45,1
DA:46,1
DA:47,1
DA:50,1
DA:51,0
DA:55,1
DA:59,1
DA:60,0
DA:62,1
DA:63,1
DA:66,0
DA:70,0
DA:71,0
DA:74,0
DA:76,0
DA:77,0
DA:81,0
DA:86,0
DA:96,1
DA:97,1
DA:100,1
DA:101,1
DA:102,0
DA:105,2
DA:106,1
DA:112,1
DA:113,1
DA:115,1
DA:116,1
DA:118,1
DA:122,1
DA:123,0
DA:124,0
DA:126,1
DA:131,1
DA:132,2
DA:133,2
DA:135,2
DA:136,1
DA:139,1
DA:143,1
DA:144,0
DA:147,1
LF:61
LH:47
BRDA:9,0,0,2
BRDA:9,0,1,1
BRDA:20,1,0,1
BRDA:20,1,1,1
BRDA:34,2,0,1
BRDA:34,2,1,1
BRDA:50,3,0,0
BRDA:50,3,1,1
BRDA:50,4,0,1
BRDA:50,4,1,1
BRDA:50,4,2,1
BRDA:50,4,3,1
BRDA:50,4,4,1
BRDA:59,5,0,0
BRDA:59,5,1,1
BRDA:62,6,0,1
BRDA:62,6,1,0
BRDA:70,7,0,0
BRDA:70,7,1,0
BRDA:81,8,0,0
BRDA:81,8,1,0
BRDA:101,9,0,0
BRDA:101,9,1,1
BRDA:122,10,0,0
BRDA:122,10,1,1
BRDA:135,11,0,1
BRDA:135,11,1,1
BRDA:135,12,0,2
BRDA:135,12,1,1
BRDA:143,13,0,0
BRDA:143,13,1,1
BRF:31
BRH:21
end_of_record
